<?xml version="1.0" encoding="UTF-8"?>
<!-- Generated by org.testng.reporters.JUnitReportReporter -->
<testsuite hostname="LAPTOP-OHJTUH5R" failures="0" tests="3" name="runner.TestNgRunner" time="88.026" errors="0" timestamp="2024-01-19T11:30:33 IST" skipped="0">
  <testcase classname="runner.TestNgRunner" name="runScenario" time="44.127"/>
  <system-out/>
  <testcase classname="runner.TestNgRunner" name="runScenario" time="23.613"/>
  <system-out/>
  <testcase classname="runner.TestNgRunner" name="runScenario" time="20.286"/>
  <system-out/>
</testsuite> <!-- runner.TestNgRunner -->
